<?xml version="1.0" encoding="UTF-8"?>
<!-- Generated by org.testng.reporters.JUnitReportReporter -->
<testsuite hostname="TYSS-Shobha" failures="0" tests="1" name="Organization.CreateOrganizationTest" time="38.728" errors="0" timestamp="2023-09-11T16:00:19 IST" skipped="0">
  <testcase classname="Organization.CreateOrganizationTest" name="createOrganizationTest" time="38.728"/>
  <system-out/>
</testsuite> <!-- Organization.CreateOrganizationTest -->
