<?xml version="1.0" encoding="UTF-8"?>
<!-- Generated by org.testng.reporters.JUnitReportReporter -->
<testsuite hostname="TYSS-Shobha" failures="0" tests="1" name="Product.CreateProductTest" time="64.238" errors="0" timestamp="2023-12-07T11:11:09 IST" skipped="0">
  <testcase classname="Product.CreateProductTest" name="createProductTest" time="64.238"/>
</testsuite> <!-- Product.CreateProductTest -->
