<?xml version="1.0" encoding="UTF-8"?>
<!-- Generated by org.testng.reporters.JUnitReportReporter -->
<testsuite hostname="TYSS-Shobha" failures="0" tests="1" name="Campaigns.CreateCampaignTest" time="22.369" errors="0" timestamp="2023-12-07T11:11:09 IST" skipped="0">
  <testcase classname="Campaigns.CreateCampaignTest" name="createCampaignTest" time="22.369"/>
</testsuite> <!-- Campaigns.CreateCampaignTest -->
