<?xml version="1.0" encoding="UTF-8"?>
<!-- Generated by org.testng.reporters.JUnitReportReporter -->
<testsuite hostname="TYSS-Shobha" failures="0" tests="2" name="Examples.Dataprovider" time="34.963" errors="0" timestamp="2023-11-30T12:32:47 IST" skipped="0">
  <testcase classname="Examples.Dataprovider" name="m1" time="17.321"/>
  <testcase classname="Examples.Dataprovider" name="m1" time="17.642"/>
</testsuite> <!-- Examples.Dataprovider -->
