<?xml version="1.0" encoding="UTF-8"?>
<!-- Generated by org.testng.reporters.JUnitReportReporter -->
<testsuite hostname="TYSS-Shobha" failures="0" tests="3" name="Pratice.DataProviderEx3" time="4.377" errors="0" timestamp="2023-11-30T12:01:03 IST" skipped="0">
  <testcase classname="Pratice.DataProviderEx3" name="bookTickets" time="1.173"/>
  <testcase classname="Pratice.DataProviderEx3" name="bookTickets" time="2.109"/>
  <testcase classname="Pratice.DataProviderEx3" name="bookTickets" time="1.095"/>
</testsuite> <!-- Pratice.DataProviderEx3 -->
